#
# There is insufficient memory for the Java Runtime Environment to continue.
# Native memory allocation (malloc) failed to allocate 1177104 bytes for Chunk::new
# Possible reasons:
#   The system is out of physical RAM or swap space
#   The process is running with CompressedOops enabled, and the Java Heap may be blocking the growth of the native heap
# Possible solutions:
#   Reduce memory load on the system
#   Increase physical memory or swap space
#   Check if swap backing store is full
#   Decrease Java heap size (-Xmx/-Xms)
#   Decrease number of Java threads
#   Decrease Java thread stack sizes (-Xss)
#   Set larger code cache with -XX:ReservedCodeCacheSize=
#   JVM is running with Unscaled Compressed Oops mode in which the Java heap is
#     placed in the first 4GB address space. The Java Heap base address is the
#     maximum limit for the native heap growth. Please use -XX:HeapBaseMinAddress
#     to set the Java Heap base and to place the Java Heap above 4GB virtual address.
# This output file may be truncated or incomplete.
#
#  Out of Memory Error (arena.cpp:189), pid=24140, tid=9108
#
# JRE version: OpenJDK Runtime Environment (17.0.6) (build 17.0.6+0-b2043.56-10027231)
# Java VM: OpenJDK 64-Bit Server VM (17.0.6+0-b2043.56-10027231, mixed mode, tiered, compressed oops, compressed class ptrs, g1 gc, windows-amd64)
# No core dump will be written. Minidumps are not enabled by default on client versions of Windows
#

---------------  S U M M A R Y ------------

Command Line: --add-opens=java.base/java.util=ALL-UNNAMED --add-opens=java.base/java.lang=ALL-UNNAMED --add-opens=java.base/java.lang.invoke=ALL-UNNAMED --add-opens=java.prefs/java.util.prefs=ALL-UNNAMED --add-opens=java.base/java.nio.charset=ALL-UNNAMED --add-opens=java.base/java.net=ALL-UNNAMED --add-opens=java.base/java.util.concurrent.atomic=ALL-UNNAMED -Xmx2048m -Dfile.encoding=UTF-8 -Duser.country=US -Duser.language=en -Duser.variant org.gradle.launcher.daemon.bootstrap.GradleDaemon 8.0

Host: 11th Gen Intel(R) Core(TM) i5-1135G7 @ 2.40GHz, 8 cores, 7G,  Windows 10 , 64 bit Build 19041 (10.0.19041.3570)
Time: Tue Oct 24 22:16:47 2023 Sri Lanka Standard Time elapsed time: 8.549361 seconds (0d 0h 0m 8s)

---------------  T H R E A D  ---------------

Current thread (0x000002378442beb0):  JavaThread "C2 CompilerThread0" daemon [_thread_in_native, id=9108, stack(0x000000b833600000,0x000000b833700000)]


Current CompileTask:
C2:   8549 4357       4       java.util.regex.Pattern::compile (500 bytes)

Stack: [0x000000b833600000,0x000000b833700000]
Native frames: (J=compiled Java code, j=interpreted, Vv=VM code, C=native code)
V  [jvm.dll+0x683c9a]
V  [jvm.dll+0x8427a4]
V  [jvm.dll+0x843f9e]
V  [jvm.dll+0x844603]
V  [jvm.dll+0x249b75]
V  [jvm.dll+0xabcac]
V  [jvm.dll+0xac27c]
V  [jvm.dll+0x368857]
V  [jvm.dll+0x332f31]
V  [jvm.dll+0x3323da]
V  [jvm.dll+0x21c201]
V  [jvm.dll+0x21b621]
V  [jvm.dll+0x1a4fdd]
V  [jvm.dll+0x22b098]
V  [jvm.dll+0x229159]
V  [jvm.dll+0x7f81ec]
V  [jvm.dll+0x7f274a]
V  [jvm.dll+0x682ad5]
C  [ucrtbase.dll+0x21bb2]
C  [KERNEL32.DLL+0x17344]
C  [ntdll.dll+0x526b1]


---------------  P R O C E S S  ---------------

Threads class SMR info:
_java_thread_list=0x000002378afbefa0, length=42, elements={
0x00000237ea57afe0, 0x0000023784426260, 0x0000023784426b20, 0x0000023784412120,
0x00000237844129e0, 0x00000237844132a0, 0x000002378442aec0, 0x000002378442beb0,
0x000002378502ce00, 0x000002378502d700, 0x00000237851c2350, 0x00000237851c2c30,
0x000002378796bd80, 0x0000023787b1df60, 0x0000023787787030, 0x0000023786699030,
0x000002378871e900, 0x0000023786345430, 0x00000237889c50d0, 0x00000237889c55a0,
0x0000023788a10570, 0x0000023788a0def0, 0x0000023788a100a0, 0x0000023788a10a40,
0x0000023788a0d080, 0x0000023788a0e3c0, 0x0000023788a0d550, 0x0000023788a0f700,
0x0000023788a0da20, 0x0000023788a0e890, 0x0000023788a0ed60, 0x0000023788a0f230,
0x0000023788a0fbd0, 0x0000023788d7c790, 0x00000237894bf860, 0x00000237894c1070,
0x00000237894c4090, 0x00000237894c06d0, 0x00000237894c5d70, 0x00000237894c2880,
0x00000237894c4560, 0x00000237894c3220
}

Java Threads: ( => current thread )
  0x00000237ea57afe0 JavaThread "main" [_thread_blocked, id=17432, stack(0x000000b832900000,0x000000b832a00000)]
  0x0000023784426260 JavaThread "Reference Handler" daemon [_thread_blocked, id=23820, stack(0x000000b833000000,0x000000b833100000)]
  0x0000023784426b20 JavaThread "Finalizer" daemon [_thread_blocked, id=12948, stack(0x000000b833100000,0x000000b833200000)]
  0x0000023784412120 JavaThread "Signal Dispatcher" daemon [_thread_blocked, id=24216, stack(0x000000b833200000,0x000000b833300000)]
  0x00000237844129e0 JavaThread "Attach Listener" daemon [_thread_blocked, id=18628, stack(0x000000b833300000,0x000000b833400000)]
  0x00000237844132a0 JavaThread "Service Thread" daemon [_thread_blocked, id=5316, stack(0x000000b833400000,0x000000b833500000)]
  0x000002378442aec0 JavaThread "Monitor Deflation Thread" daemon [_thread_blocked, id=24540, stack(0x000000b833500000,0x000000b833600000)]
=>0x000002378442beb0 JavaThread "C2 CompilerThread0" daemon [_thread_in_native, id=9108, stack(0x000000b833600000,0x000000b833700000)]
  0x000002378502ce00 JavaThread "C1 CompilerThread0" daemon [_thread_blocked, id=1836, stack(0x000000b833700000,0x000000b833800000)]
  0x000002378502d700 JavaThread "Sweeper thread" daemon [_thread_blocked, id=4880, stack(0x000000b833800000,0x000000b833900000)]
  0x00000237851c2350 JavaThread "Common-Cleaner" daemon [_thread_blocked, id=23336, stack(0x000000b833900000,0x000000b833a00000)]
  0x00000237851c2c30 JavaThread "Notification Thread" daemon [_thread_blocked, id=21112, stack(0x000000b833a00000,0x000000b833b00000)]
  0x000002378796bd80 JavaThread "Daemon health stats" [_thread_blocked, id=20344, stack(0x000000b834100000,0x000000b834200000)]
  0x0000023787b1df60 JavaThread "Incoming local TCP Connector on port 53145" [_thread_in_native, id=23664, stack(0x000000b834200000,0x000000b834300000)]
  0x0000023787787030 JavaThread "Daemon periodic checks" [_thread_blocked, id=19788, stack(0x000000b834300000,0x000000b834400000)]
  0x0000023786699030 JavaThread "Daemon" [_thread_blocked, id=21800, stack(0x000000b834400000,0x000000b834500000)]
  0x000002378871e900 JavaThread "Handler for socket connection from /127.0.0.1:53145 to /127.0.0.1:53146" [_thread_in_native, id=5184, stack(0x000000b834500000,0x000000b834600000)]
  0x0000023786345430 JavaThread "Cancel handler" [_thread_blocked, id=17744, stack(0x000000b834600000,0x000000b834700000)]
  0x00000237889c50d0 JavaThread "Daemon worker" [_thread_in_Java, id=25552, stack(0x000000b834700000,0x000000b834800000)]
  0x00000237889c55a0 JavaThread "Asynchronous log dispatcher for DefaultDaemonConnection: socket connection from /127.0.0.1:53145 to /127.0.0.1:53146" [_thread_blocked, id=11560, stack(0x000000b834800000,0x000000b834900000)]
  0x0000023788a10570 JavaThread "Stdin handler" [_thread_blocked, id=25436, stack(0x000000b834900000,0x000000b834a00000)]
  0x0000023788a0def0 JavaThread "Daemon client event forwarder" [_thread_blocked, id=15272, stack(0x000000b834a00000,0x000000b834b00000)]
  0x0000023788a100a0 JavaThread "Cache worker for journal cache (C:\Users\DELL\.gradle\caches\journal-1)" [_thread_blocked, id=16412, stack(0x000000b834f00000,0x000000b835000000)]
  0x0000023788a10a40 JavaThread "File lock request listener" [_thread_in_native, id=11856, stack(0x000000b835000000,0x000000b835100000)]
  0x0000023788a0d080 JavaThread "Cache worker for file hash cache (C:\Users\DELL\.gradle\caches\8.0\fileHashes)" [_thread_blocked, id=13780, stack(0x000000b835100000,0x000000b835200000)]
  0x0000023788a0e3c0 JavaThread "File watcher server" daemon [_thread_in_native, id=19816, stack(0x000000b835200000,0x000000b835300000)]
  0x0000023788a0d550 JavaThread "File watcher consumer" daemon [_thread_blocked, id=17828, stack(0x000000b835300000,0x000000b835400000)]
  0x0000023788a0f700 JavaThread "Cache worker for checksums cache (C:\Users\DELL\AndroidStudioProjects\ChatApp\.gradle\8.0\checksums)" [_thread_blocked, id=20312, stack(0x000000b835400000,0x000000b835500000)]
  0x0000023788a0da20 JavaThread "Cache worker for cache directory md-rule (C:\Users\DELL\.gradle\caches\8.0\md-rule)" [_thread_blocked, id=2996, stack(0x000000b835500000,0x000000b835600000)]
  0x0000023788a0e890 JavaThread "Cache worker for file content cache (C:\Users\DELL\.gradle\caches\8.0\fileContent)" [_thread_blocked, id=20824, stack(0x000000b835600000,0x000000b835700000)]
  0x0000023788a0ed60 JavaThread "Cache worker for file hash cache (C:\Users\DELL\AndroidStudioProjects\ChatApp\.gradle\8.0\fileHashes)" [_thread_blocked, id=13080, stack(0x000000b835700000,0x000000b835800000)]
  0x0000023788a0f230 JavaThread "Cache worker for cache directory md-supplier (C:\Users\DELL\.gradle\caches\8.0\md-supplier)" [_thread_blocked, id=7128, stack(0x000000b835800000,0x000000b835900000)]
  0x0000023788a0fbd0 JavaThread "Cache worker for execution history cache (C:\Users\DELL\.gradle\caches\8.0\executionHistory)" [_thread_blocked, id=23536, stack(0x000000b835900000,0x000000b835a00000)]
  0x0000023788d7c790 JavaThread "C2 CompilerThread1" daemon [_thread_blocked, id=24944, stack(0x000000b833c00000,0x000000b833d00000)]
  0x00000237894bf860 JavaThread "jar transforms" [_thread_blocked, id=6372, stack(0x000000b835a00000,0x000000b835b00000)]
  0x00000237894c1070 JavaThread "jar transforms Thread 2" [_thread_blocked, id=23940, stack(0x000000b835b00000,0x000000b835c00000)]
  0x00000237894c4090 JavaThread "Cache worker for kotlin-dsl (C:\Users\DELL\.gradle\caches\8.0\kotlin-dsl)" [_thread_blocked, id=16472, stack(0x000000b835e00000,0x000000b835f00000)]
  0x00000237894c06d0 JavaThread "jar transforms Thread 3" [_thread_blocked, id=24032, stack(0x000000b835f00000,0x000000b836000000)]
  0x00000237894c5d70 JavaThread "jar transforms Thread 4" [_thread_blocked, id=23080, stack(0x000000b836000000,0x000000b836100000)]
  0x00000237894c2880 JavaThread "Cache worker for dependencies-accessors (C:\Users\DELL\AndroidStudioProjects\ChatApp\.gradle\8.0\dependencies-accessors)" [_thread_blocked, id=24920, stack(0x000000b836100000,0x000000b836200000)]
  0x00000237894c4560 JavaThread "Cache worker for Build Output Cleanup Cache (C:\Users\DELL\AndroidStudioProjects\ChatApp\.gradle\buildOutputCleanup)" [_thread_blocked, id=10844, stack(0x000000b835c00000,0x000000b835d00000)]
  0x00000237894c3220 JavaThread "jar transforms Thread 5" [_thread_blocked, id=13740, stack(0x000000b836200000,0x000000b836300000)]

Other Threads:
  0x0000023784404a30 VMThread "VM Thread" [stack: 0x000000b832f00000,0x000000b833000000] [id=22636]
  0x00000237ea5f5c50 WatcherThread [stack: 0x000000b833b00000,0x000000b833c00000] [id=22744]
  0x00000237ea5da2e0 GCTaskThread "GC Thread#0" [stack: 0x000000b832a00000,0x000000b832b00000] [id=3952]
  0x00000237858ab370 GCTaskThread "GC Thread#1" [stack: 0x000000b833d00000,0x000000b833e00000] [id=21744]
  0x0000023785638760 GCTaskThread "GC Thread#2" [stack: 0x000000b833e00000,0x000000b833f00000] [id=9964]
  0x0000023785638a10 GCTaskThread "GC Thread#3" [stack: 0x000000b833f00000,0x000000b834000000] [id=1112]
  0x00000237866e8590 GCTaskThread "GC Thread#4" [stack: 0x000000b834000000,0x000000b834100000] [id=4468]
  0x0000023786398af0 GCTaskThread "GC Thread#5" [stack: 0x000000b834b00000,0x000000b834c00000] [id=16548]
  0x00000237864f7180 GCTaskThread "GC Thread#6" [stack: 0x000000b834c00000,0x000000b834d00000] [id=17800]
  0x0000023786916c60 GCTaskThread "GC Thread#7" [stack: 0x000000b834d00000,0x000000b834e00000] [id=16400]
  0x00000237ea5eb130 ConcurrentGCThread "G1 Main Marker" [stack: 0x000000b832b00000,0x000000b832c00000] [id=24676]
  0x00000237ea5eba50 ConcurrentGCThread "G1 Conc#0" [stack: 0x000000b832c00000,0x000000b832d00000] [id=15960]
  0x0000023787b1acb0 ConcurrentGCThread "G1 Conc#1" [stack: 0x000000b834e00000,0x000000b834f00000] [id=11908]
  0x00000237ea64e220 ConcurrentGCThread "G1 Refine#0" [stack: 0x000000b832d00000,0x000000b832e00000] [id=2208]
  0x0000023787427d10 ConcurrentGCThread "G1 Refine#1" [stack: 0x000000b835d00000,0x000000b835e00000] [id=17592]
  0x00000237ea64ea50 ConcurrentGCThread "G1 Service" [stack: 0x000000b832e00000,0x000000b832f00000] [id=20972]

Threads with active compile tasks:
C2 CompilerThread0     8674 4357       4       java.util.regex.Pattern::compile (500 bytes)

VM state: not at safepoint (normal execution)

VM Mutex/Monitor currently owned by a thread: None

Heap address: 0x0000000080000000, size: 2048 MB, Compressed Oops mode: 32-bit

CDS archive(s) not mapped
Compressed class space mapped at: 0x0000000100000000-0x0000000140000000, reserved size: 1073741824
Narrow klass base: 0x0000000000000000, Narrow klass shift: 3, Narrow klass range: 0x140000000

GC Precious Log:
 CPUs: 8 total, 8 available
 Memory: 7914M
 Large Page Support: Disabled
 NUMA Support: Disabled
 Compressed Oops: Enabled (32-bit)
 Heap Region Size: 1M
 Heap Min Capacity: 8M
 Heap Initial Capacity: 124M
 Heap Max Capacity: 2G
 Pre-touch: Disabled
 Parallel Workers: 8
 Concurrent Workers: 2
 Concurrent Refinement Workers: 8
 Periodic GC: Disabled

Heap:
 garbage-first heap   total 71680K, used 34005K [0x0000000080000000, 0x0000000100000000)
  region size 1024K, 4 young (4096K), 3 survivors (3072K)
 Metaspace       used 52418K, committed 52800K, reserved 1097728K
  class space    used 7042K, committed 7232K, reserved 1048576K

Heap Regions: E=young(eden), S=young(survivor), O=old, HS=humongous(starts), HC=humongous(continues), CS=collection set, F=free, OA=open archive, CA=closed archive, TAMS=top-at-mark-start (previous, next)
|   0|0x0000000080000000, 0x0000000080100000, 0x0000000080100000|100%|HS|  |TAMS 0x0000000080100000, 0x0000000080000000| Complete 
|   1|0x0000000080100000, 0x0000000080200000, 0x0000000080200000|100%|HC|  |TAMS 0x0000000080200000, 0x0000000080100000| Complete 
|   2|0x0000000080200000, 0x0000000080300000, 0x0000000080300000|100%|HC|  |TAMS 0x0000000080300000, 0x0000000080200000| Complete 
|   3|0x0000000080300000, 0x0000000080400000, 0x0000000080400000|100%|HC|  |TAMS 0x0000000080400000, 0x0000000080300000| Complete 
|   4|0x0000000080400000, 0x0000000080500000, 0x0000000080500000|100%| O|  |TAMS 0x0000000080500000, 0x0000000080400000| Untracked 
|   5|0x0000000080500000, 0x0000000080600000, 0x0000000080600000|100%| O|  |TAMS 0x0000000080600000, 0x0000000080500000| Untracked 
|   6|0x0000000080600000, 0x0000000080700000, 0x0000000080700000|100%| O|  |TAMS 0x0000000080700000, 0x0000000080600000| Untracked 
|   7|0x0000000080700000, 0x0000000080800000, 0x0000000080800000|100%| O|  |TAMS 0x0000000080800000, 0x0000000080700000| Untracked 
|   8|0x0000000080800000, 0x0000000080900000, 0x0000000080900000|100%| O|  |TAMS 0x0000000080900000, 0x0000000080800000| Untracked 
|   9|0x0000000080900000, 0x0000000080a00000, 0x0000000080a00000|100%| O|  |TAMS 0x0000000080a00000, 0x0000000080900000| Untracked 
|  10|0x0000000080a00000, 0x0000000080b00000, 0x0000000080b00000|100%| O|  |TAMS 0x0000000080b00000, 0x0000000080a00000| Untracked 
|  11|0x0000000080b00000, 0x0000000080b1e600, 0x0000000080c00000| 11%| O|  |TAMS 0x0000000080b1e600, 0x0000000080b00000| Untracked 
|  12|0x0000000080c00000, 0x0000000080d00000, 0x0000000080d00000|100%| O|  |TAMS 0x0000000080d00000, 0x0000000080c00000| Untracked 
|  13|0x0000000080d00000, 0x0000000080e00000, 0x0000000080e00000|100%| O|  |TAMS 0x0000000080e00000, 0x0000000080d00000| Untracked 
|  14|0x0000000080e00000, 0x0000000080f00000, 0x0000000080f00000|100%| O|  |TAMS 0x0000000080f00000, 0x0000000080e00000| Untracked 
|  15|0x0000000080f00000, 0x0000000081000000, 0x0000000081000000|100%| O|  |TAMS 0x0000000081000000, 0x0000000080f00000| Untracked 
|  16|0x0000000081000000, 0x0000000081100000, 0x0000000081100000|100%| O|  |TAMS 0x0000000081100000, 0x0000000081000000| Untracked 
|  17|0x0000000081100000, 0x0000000081200000, 0x0000000081200000|100%| O|  |TAMS 0x0000000081200000, 0x0000000081100000| Untracked 
|  18|0x0000000081200000, 0x0000000081300000, 0x0000000081300000|100%| O|  |TAMS 0x00000000812b3a00, 0x0000000081200000| Untracked 
|  19|0x0000000081300000, 0x0000000081400000, 0x0000000081400000|100%| O|  |TAMS 0x0000000081300000, 0x0000000081300000| Untracked 
|  20|0x0000000081400000, 0x0000000081500000, 0x0000000081500000|100%| O|  |TAMS 0x0000000081400000, 0x0000000081400000| Untracked 
|  21|0x0000000081500000, 0x0000000081600000, 0x0000000081600000|100%| O|  |TAMS 0x0000000081500000, 0x0000000081500000| Untracked 
|  22|0x0000000081600000, 0x0000000081700000, 0x0000000081700000|100%| O|  |TAMS 0x0000000081600000, 0x0000000081600000| Untracked 
|  23|0x0000000081700000, 0x0000000081800000, 0x0000000081800000|100%| O|  |TAMS 0x0000000081700000, 0x0000000081700000| Untracked 
|  24|0x0000000081800000, 0x0000000081900000, 0x0000000081900000|100%| O|  |TAMS 0x0000000081800000, 0x0000000081800000| Untracked 
|  25|0x0000000081900000, 0x0000000081a00000, 0x0000000081a00000|100%| O|  |TAMS 0x0000000081900000, 0x0000000081900000| Untracked 
|  26|0x0000000081a00000, 0x0000000081b00000, 0x0000000081b00000|100%| O|  |TAMS 0x0000000081a00000, 0x0000000081a00000| Untracked 
|  27|0x0000000081b00000, 0x0000000081c00000, 0x0000000081c00000|100%| O|  |TAMS 0x0000000081b00000, 0x0000000081b00000| Untracked 
|  28|0x0000000081c00000, 0x0000000081d00000, 0x0000000081d00000|100%| O|  |TAMS 0x0000000081c00000, 0x0000000081c00000| Untracked 
|  29|0x0000000081d00000, 0x0000000081e00000, 0x0000000081e00000|100%| O|  |TAMS 0x0000000081d00000, 0x0000000081d00000| Untracked 
|  30|0x0000000081e00000, 0x0000000081f00000, 0x0000000081f00000|100%| O|  |TAMS 0x0000000081e00000, 0x0000000081e00000| Untracked 
|  31|0x0000000081f00000, 0x0000000081f62a00, 0x0000000082000000| 38%| O|  |TAMS 0x0000000081f00000, 0x0000000081f00000| Untracked 
|  32|0x0000000082000000, 0x0000000082000000, 0x0000000082100000|  0%| F|  |TAMS 0x0000000082000000, 0x0000000082000000| Untracked 
|  33|0x0000000082100000, 0x0000000082100000, 0x0000000082200000|  0%| F|  |TAMS 0x0000000082100000, 0x0000000082100000| Untracked 
|  34|0x0000000082200000, 0x0000000082200000, 0x0000000082300000|  0%| F|  |TAMS 0x0000000082200000, 0x0000000082200000| Untracked 
|  35|0x0000000082300000, 0x0000000082300000, 0x0000000082400000|  0%| F|  |TAMS 0x0000000082300000, 0x0000000082300000| Untracked 
|  36|0x0000000082400000, 0x0000000082400000, 0x0000000082500000|  0%| F|  |TAMS 0x0000000082400000, 0x0000000082400000| Untracked 
|  37|0x0000000082500000, 0x0000000082500000, 0x0000000082600000|  0%| F|  |TAMS 0x0000000082500000, 0x0000000082500000| Untracked 
|  38|0x0000000082600000, 0x0000000082600000, 0x0000000082700000|  0%| F|  |TAMS 0x0000000082600000, 0x0000000082600000| Untracked 
|  39|0x0000000082700000, 0x0000000082700000, 0x0000000082800000|  0%| F|  |TAMS 0x0000000082700000, 0x0000000082700000| Untracked 
|  40|0x0000000082800000, 0x0000000082800000, 0x0000000082900000|  0%| F|  |TAMS 0x0000000082800000, 0x0000000082800000| Untracked 
|  41|0x0000000082900000, 0x0000000082900000, 0x0000000082a00000|  0%| F|  |TAMS 0x0000000082900000, 0x0000000082900000| Untracked 
|  42|0x0000000082a00000, 0x0000000082ab46e0, 0x0000000082b00000| 70%| S|CS|TAMS 0x0000000082a00000, 0x0000000082a00000| Complete 
|  43|0x0000000082b00000, 0x0000000082c00000, 0x0000000082c00000|100%| S|CS|TAMS 0x0000000082b00000, 0x0000000082b00000| Complete 
|  44|0x0000000082c00000, 0x0000000082c00000, 0x0000000082d00000|  0%| F|  |TAMS 0x0000000082c00000, 0x0000000082c00000| Untracked 
|  45|0x0000000082d00000, 0x0000000082d00000, 0x0000000082e00000|  0%| F|  |TAMS 0x0000000082d00000, 0x0000000082d00000| Untracked 
|  46|0x0000000082e00000, 0x0000000082e00000, 0x0000000082f00000|  0%| F|  |TAMS 0x0000000082e00000, 0x0000000082e00000| Untracked 
|  47|0x0000000082f00000, 0x0000000083000000, 0x0000000083000000|100%| S|CS|TAMS 0x0000000082f00000, 0x0000000082f00000| Complete 
|  48|0x0000000083000000, 0x0000000083000000, 0x0000000083100000|  0%| F|  |TAMS 0x0000000083000000, 0x0000000083000000| Untracked 
|  49|0x0000000083100000, 0x0000000083100000, 0x0000000083200000|  0%| F|  |TAMS 0x0000000083100000, 0x0000000083100000| Untracked 
|  50|0x0000000083200000, 0x0000000083200000, 0x0000000083300000|  0%| F|  |TAMS 0x0000000083200000, 0x0000000083200000| Untracked 
|  51|0x0000000083300000, 0x0000000083300000, 0x0000000083400000|  0%| F|  |TAMS 0x0000000083300000, 0x0000000083300000| Untracked 
|  52|0x0000000083400000, 0x0000000083400000, 0x0000000083500000|  0%| F|  |TAMS 0x0000000083400000, 0x0000000083400000| Untracked 
|  53|0x0000000083500000, 0x0000000083500000, 0x0000000083600000|  0%| F|  |TAMS 0x0000000083500000, 0x0000000083500000| Untracked 
|  54|0x0000000083600000, 0x0000000083600000, 0x0000000083700000|  0%| F|  |TAMS 0x0000000083600000, 0x0000000083600000| Untracked 
|  55|0x0000000083700000, 0x0000000083700000, 0x0000000083800000|  0%| F|  |TAMS 0x0000000083700000, 0x0000000083700000| Untracked 
|  56|0x0000000083800000, 0x0000000083800000, 0x0000000083900000|  0%| F|  |TAMS 0x0000000083800000, 0x0000000083800000| Untracked 
|  57|0x0000000083900000, 0x0000000083900000, 0x0000000083a00000|  0%| F|  |TAMS 0x0000000083900000, 0x0000000083900000| Untracked 
|  58|0x0000000083a00000, 0x0000000083a00000, 0x0000000083b00000|  0%| F|  |TAMS 0x0000000083a00000, 0x0000000083a00000| Untracked 
|  59|0x0000000083b00000, 0x0000000083b00000, 0x0000000083c00000|  0%| F|  |TAMS 0x0000000083b00000, 0x0000000083b00000| Untracked 
|  72|0x0000000084800000, 0x0000000084800000, 0x0000000084900000|  0%| F|  |TAMS 0x0000000084800000, 0x0000000084800000| Untracked 
|  73|0x0000000084900000, 0x0000000084900000, 0x0000000084a00000|  0%| F|  |TAMS 0x0000000084900000, 0x0000000084900000| Untracked 
|  74|0x0000000084a00000, 0x0000000084a00000, 0x0000000084b00000|  0%| F|  |TAMS 0x0000000084a00000, 0x0000000084a00000| Untracked 
|  75|0x0000000084b00000, 0x0000000084b00000, 0x0000000084c00000|  0%| F|  |TAMS 0x0000000084b00000, 0x0000000084b00000| Untracked 
|  76|0x0000000084c00000, 0x0000000084c00000, 0x0000000084d00000|  0%| F|  |TAMS 0x0000000084c00000, 0x0000000084c00000| Untracked 
|  77|0x0000000084d00000, 0x0000000084d00000, 0x0000000084e00000|  0%| F|  |TAMS 0x0000000084d00000, 0x0000000084d00000| Untracked 
|  78|0x0000000084e00000, 0x0000000084e00000, 0x0000000084f00000|  0%| F|  |TAMS 0x0000000084e00000, 0x0000000084e00000| Untracked 
|  79|0x0000000084f00000, 0x0000000084f00000, 0x0000000085000000|  0%| F|  |TAMS 0x0000000084f00000, 0x0000000084f00000| Untracked 
|  80|0x0000000085000000, 0x000000008506c418, 0x0000000085100000| 42%| E|  |TAMS 0x0000000085000000, 0x0000000085000000| Complete 
| 123|0x0000000087b00000, 0x0000000087c00000, 0x0000000087c00000|100%| E|CS|TAMS 0x0000000087b00000, 0x0000000087b00000| Complete 

Card table byte_map: [0x00000237fd190000,0x00000237fd590000] _byte_map_base: 0x00000237fcd90000

Marking Bits (Prev, Next): (CMBitMap*) 0x00000237ea5da800, (CMBitMap*) 0x00000237ea5da840
 Prev Bits: [0x00000237fd990000, 0x00000237ff990000)
 Next Bits: [0x0000023780000000, 0x0000023782000000)

Polling page: 0x00000237e9d50000

Metaspace:

Usage:
  Non-class:     44.31 MB used.
      Class:      6.88 MB used.
       Both:     51.19 MB used.

Virtual space:
  Non-class space:       48.00 MB reserved,      44.50 MB ( 93%) committed,  6 nodes.
      Class space:        1.00 GB reserved,       7.06 MB ( <1%) committed,  1 nodes.
             Both:        1.05 GB reserved,      51.56 MB (  5%) committed. 

Chunk freelists:
   Non-Class:  3.25 MB
       Class:  912.00 KB
        Both:  4.14 MB

MaxMetaspaceSize: unlimited
CompressedClassSpaceSize: 1.00 GB
Initial GC threshold: 21.00 MB
Current GC threshold: 59.19 MB
CDS: off
MetaspaceReclaimPolicy: balanced
 - commit_granule_bytes: 65536.
 - commit_granule_words: 8192.
 - virtual_space_node_default_size: 1048576.
 - enlarge_chunks_in_place: 1.
 - new_chunks_are_fully_committed: 0.
 - uncommit_free_chunks: 1.
 - use_allocation_guard: 0.
 - handle_deallocations: 1.


Internal statistics:

num_allocs_failed_limit: 6.
num_arena_births: 556.
num_arena_deaths: 0.
num_vsnodes_births: 7.
num_vsnodes_deaths: 0.
num_space_committed: 825.
num_space_uncommitted: 0.
num_chunks_returned_to_freelist: 6.
num_chunks_taken_from_freelist: 2217.
num_chunk_merges: 6.
num_chunk_splits: 1483.
num_chunks_enlarged: 1025.
num_purges: 0.
num_inconsistent_stats: 0.

CodeHeap 'non-profiled nmethods': size=120000Kb used=2879Kb max_used=2879Kb free=117120Kb
 bounds [0x00000237f5520000, 0x00000237f57f0000, 0x00000237fca50000]
CodeHeap 'profiled nmethods': size=120000Kb used=9127Kb max_used=9127Kb free=110872Kb
 bounds [0x00000237eda50000, 0x00000237ee340000, 0x00000237f4f80000]
CodeHeap 'non-nmethods': size=5760Kb used=2341Kb max_used=2397Kb free=3418Kb
 bounds [0x00000237f4f80000, 0x00000237f51f0000, 0x00000237f5520000]
 total_blobs=5324 nmethods=4490 adapters=744
 compilation: enabled
              stopped_count=0, restarted_count=0
 full_count=0

Compilation events (20 events):
Event: 8.459 Thread 0x000002378502ce00 4407       3       com.google.common.collect.ImmutableList::copyOf (44 bytes)
Event: 8.460 Thread 0x000002378502ce00 nmethod 4407 0x00000237ee326310 code [0x00000237ee326560, 0x00000237ee326f08]
Event: 8.460 Thread 0x000002378502ce00 4408       3       org.gradle.internal.serialize.kryo.KryoBackedDecoder::readString (5 bytes)
Event: 8.460 Thread 0x000002378502ce00 nmethod 4408 0x00000237ee327210 code [0x00000237ee327420, 0x00000237ee327a48]
Event: 8.468 Thread 0x000002378502ce00 4409       3       com.google.common.collect.RegularImmutableMap::size (6 bytes)
Event: 8.468 Thread 0x000002378502ce00 nmethod 4409 0x00000237ee327c90 code [0x00000237ee327e20, 0x00000237ee327f38]
Event: 8.468 Thread 0x000002378502ce00 4410       3       com.google.common.collect.ImmutableList::of (9 bytes)
Event: 8.469 Thread 0x000002378502ce00 nmethod 4410 0x00000237ee328010 code [0x00000237ee3281e0, 0x00000237ee3286a8]
Event: 8.469 Thread 0x000002378502ce00 4411       3       com.google.common.collect.SingletonImmutableList::<init> (13 bytes)
Event: 8.469 Thread 0x000002378502ce00 nmethod 4411 0x00000237ee328890 code [0x00000237ee328a60, 0x00000237ee328ea8]
Event: 8.469 Thread 0x000002378502ce00 4412       3       com.google.common.base.Preconditions::checkNotNull (18 bytes)
Event: 8.469 Thread 0x000002378502ce00 nmethod 4412 0x00000237ee329090 code [0x00000237ee329260, 0x00000237ee3295d8]
Event: 8.470 Thread 0x000002378502ce00 4413       3       com.google.common.collect.Lists::newArrayList (8 bytes)
Event: 8.471 Thread 0x000002378502ce00 nmethod 4413 0x00000237ee329710 code [0x00000237ee3298c0, 0x00000237ee329bd8]
Event: 8.500 Thread 0x000002378502ce00 4414       3       com.esotericsoftware.kryo.io.Input::readUtf8Length (139 bytes)
Event: 8.500 Thread 0x000002378502ce00 nmethod 4414 0x00000237ee329d10 code [0x00000237ee329ec0, 0x00000237ee32a238]
Event: 8.518 Thread 0x000002378502ce00 4415   !   3       org.gradle.internal.serialize.kryo.KryoBackedDecoder::readSmallInt (16 bytes)
Event: 8.519 Thread 0x000002378502ce00 nmethod 4415 0x00000237ee32a390 code [0x00000237ee32a5a0, 0x00000237ee32abe8]
Event: 8.519 Thread 0x000002378502ce00 4416       3       com.esotericsoftware.kryo.io.Input::readInt (6 bytes)
Event: 8.519 Thread 0x000002378502ce00 nmethod 4416 0x00000237ee32ae90 code [0x00000237ee32b040, 0x00000237ee32b188]

GC Heap History (20 events):
Event: 1.067 GC heap after
{Heap after GC invocations=1 (full 0):
 garbage-first heap   total 126976K, used 10028K [0x0000000080000000, 0x0000000100000000)
  region size 1024K, 3 young (3072K), 3 survivors (3072K)
 Metaspace       used 10260K, committed 10432K, reserved 1064960K
  class space    used 1058K, committed 1152K, reserved 1048576K
}
Event: 1.636 GC heap before
{Heap before GC invocations=1 (full 0):
 garbage-first heap   total 126976K, used 39724K [0x0000000080000000, 0x0000000100000000)
  region size 1024K, 31 young (31744K), 3 survivors (3072K)
 Metaspace       used 11221K, committed 11456K, reserved 1064960K
  class space    used 1162K, committed 1280K, reserved 1048576K
}
Event: 1.644 GC heap after
{Heap after GC invocations=2 (full 0):
 garbage-first heap   total 126976K, used 14277K [0x0000000080000000, 0x0000000100000000)
  region size 1024K, 4 young (4096K), 4 survivors (4096K)
 Metaspace       used 11221K, committed 11456K, reserved 1064960K
  class space    used 1162K, committed 1280K, reserved 1048576K
}
Event: 2.894 GC heap before
{Heap before GC invocations=2 (full 0):
 garbage-first heap   total 126976K, used 53189K [0x0000000080000000, 0x0000000100000000)
  region size 1024K, 43 young (44032K), 4 survivors (4096K)
 Metaspace       used 21327K, committed 21504K, reserved 1073152K
  class space    used 2595K, committed 2688K, reserved 1048576K
}
Event: 2.903 GC heap after
{Heap after GC invocations=3 (full 0):
 garbage-first heap   total 126976K, used 18813K [0x0000000080000000, 0x0000000100000000)
  region size 1024K, 9 young (9216K), 9 survivors (9216K)
 Metaspace       used 21327K, committed 21504K, reserved 1073152K
  class space    used 2595K, committed 2688K, reserved 1048576K
}
Event: 3.985 GC heap before
{Heap before GC invocations=4 (full 0):
 garbage-first heap   total 71680K, used 51581K [0x0000000080000000, 0x0000000100000000)
  region size 1024K, 42 young (43008K), 9 survivors (9216K)
 Metaspace       used 26658K, committed 26944K, reserved 1073152K
  class space    used 3510K, committed 3648K, reserved 1048576K
}
Event: 3.992 GC heap after
{Heap after GC invocations=5 (full 0):
 garbage-first heap   total 71680K, used 20606K [0x0000000080000000, 0x0000000100000000)
  region size 1024K, 3 young (3072K), 3 survivors (3072K)
 Metaspace       used 26658K, committed 26944K, reserved 1073152K
  class space    used 3510K, committed 3648K, reserved 1048576K
}
Event: 4.795 GC heap before
{Heap before GC invocations=5 (full 0):
 garbage-first heap   total 71680K, used 48254K [0x0000000080000000, 0x0000000100000000)
  region size 1024K, 30 young (30720K), 3 survivors (3072K)
 Metaspace       used 30780K, committed 31040K, reserved 1081344K
  class space    used 4190K, committed 4288K, reserved 1048576K
}
Event: 4.798 GC heap after
{Heap after GC invocations=6 (full 0):
 garbage-first heap   total 71680K, used 21881K [0x0000000080000000, 0x0000000100000000)
  region size 1024K, 4 young (4096K), 4 survivors (4096K)
 Metaspace       used 30780K, committed 31040K, reserved 1081344K
  class space    used 4190K, committed 4288K, reserved 1048576K
}
Event: 5.620 GC heap before
{Heap before GC invocations=6 (full 0):
 garbage-first heap   total 71680K, used 47481K [0x0000000080000000, 0x0000000100000000)
  region size 1024K, 31 young (31744K), 4 survivors (4096K)
 Metaspace       used 35797K, committed 36096K, reserved 1081344K
  class space    used 4896K, committed 5056K, reserved 1048576K
}
Event: 5.626 GC heap after
{Heap after GC invocations=7 (full 0):
 garbage-first heap   total 71680K, used 24059K [0x0000000080000000, 0x0000000100000000)
  region size 1024K, 4 young (4096K), 4 survivors (4096K)
 Metaspace       used 35797K, committed 36096K, reserved 1081344K
  class space    used 4896K, committed 5056K, reserved 1048576K
}
Event: 6.097 GC heap before
{Heap before GC invocations=8 (full 0):
 garbage-first heap   total 71680K, used 51707K [0x0000000080000000, 0x0000000100000000)
  region size 1024K, 32 young (32768K), 4 survivors (4096K)
 Metaspace       used 40393K, committed 40768K, reserved 1089536K
  class space    used 5353K, committed 5504K, reserved 1048576K
}
Event: 6.104 GC heap after
{Heap after GC invocations=9 (full 0):
 garbage-first heap   total 71680K, used 28508K [0x0000000080000000, 0x0000000100000000)
  region size 1024K, 4 young (4096K), 4 survivors (4096K)
 Metaspace       used 40393K, committed 40768K, reserved 1089536K
  class space    used 5353K, committed 5504K, reserved 1048576K
}
Event: 6.562 GC heap before
{Heap before GC invocations=9 (full 0):
 garbage-first heap   total 71680K, used 55132K [0x0000000080000000, 0x0000000100000000)
  region size 1024K, 28 young (28672K), 4 survivors (4096K)
 Metaspace       used 43148K, committed 43520K, reserved 1089536K
  class space    used 5666K, committed 5824K, reserved 1048576K
}
Event: 6.567 GC heap after
{Heap after GC invocations=10 (full 0):
 garbage-first heap   total 71680K, used 29594K [0x0000000080000000, 0x0000000100000000)
  region size 1024K, 2 young (2048K), 2 survivors (2048K)
 Metaspace       used 43148K, committed 43520K, reserved 1089536K
  class space    used 5666K, committed 5824K, reserved 1048576K
}
Event: 7.131 GC heap before
{Heap before GC invocations=10 (full 0):
 garbage-first heap   total 71680K, used 54170K [0x0000000080000000, 0x0000000100000000)
  region size 1024K, 26 young (26624K), 2 survivors (2048K)
 Metaspace       used 46115K, committed 46528K, reserved 1089536K
  class space    used 6059K, committed 6272K, reserved 1048576K
}
Event: 7.135 GC heap after
{Heap after GC invocations=11 (full 0):
 garbage-first heap   total 71680K, used 31257K [0x0000000080000000, 0x0000000100000000)
  region size 1024K, 4 young (4096K), 4 survivors (4096K)
 Metaspace       used 46115K, committed 46528K, reserved 1089536K
  class space    used 6059K, committed 6272K, reserved 1048576K
}
Event: 7.704 GC heap before
{Heap before GC invocations=11 (full 0):
 garbage-first heap   total 71680K, used 54809K [0x0000000080000000, 0x0000000100000000)
  region size 1024K, 27 young (27648K), 4 survivors (4096K)
 Metaspace       used 49402K, committed 49792K, reserved 1097728K
  class space    used 6593K, committed 6784K, reserved 1048576K
}
Event: 7.709 GC heap after
{Heap after GC invocations=12 (full 0):
 garbage-first heap   total 71680K, used 32568K [0x0000000080000000, 0x0000000100000000)
  region size 1024K, 4 young (4096K), 4 survivors (4096K)
 Metaspace       used 49402K, committed 49792K, reserved 1097728K
  class space    used 6593K, committed 6784K, reserved 1048576K
}
Event: 8.519 GC heap before
{Heap before GC invocations=12 (full 0):
 garbage-first heap   total 71680K, used 55096K [0x0000000080000000, 0x0000000100000000)
  region size 1024K, 26 young (26624K), 4 survivors (4096K)
 Metaspace       used 52353K, committed 52800K, reserved 1097728K
  class space    used 7035K, committed 7232K, reserved 1048576K
}

Dll operation events (2 events):
Event: 0.010 Loaded shared library C:\Program Files\Android\Android Studio\jbr\bin\java.dll
Event: 0.550 Loaded shared library C:\Program Files\Android\Android Studio\jbr\bin\verify.dll

Deoptimization events (20 events):
Event: 7.872 Thread 0x00000237889c50d0 Uncommon trap: trap_request=0xffffff76 fr.pc=0x00000237f5668f00 relative=0x0000000000000240
Event: 7.872 Thread 0x00000237889c50d0 Uncommon trap: reason=predicate action=maybe_recompile pc=0x00000237f5668f00 method=com.google.common.base.CharMatcher.indexIn(Ljava/lang/CharSequence;I)I @ 19 c2
Event: 7.872 Thread 0x00000237889c50d0 DEOPT PACKING pc=0x00000237f5668f00 sp=0x000000b8347f9ac0
Event: 7.872 Thread 0x00000237889c50d0 DEOPT UNPACKING pc=0x00000237f4fda1a3 sp=0x000000b8347f9a68 mode 2
Event: 7.894 Thread 0x00000237889c50d0 Uncommon trap: trap_request=0xffffff45 fr.pc=0x00000237f55963e4 relative=0x00000000000001c4
Event: 7.894 Thread 0x00000237889c50d0 Uncommon trap: reason=unstable_if action=reinterpret pc=0x00000237f55963e4 method=java.net.URI$Parser.scan(IILjava/lang/String;)I @ 26 c2
Event: 7.894 Thread 0x00000237889c50d0 DEOPT PACKING pc=0x00000237f55963e4 sp=0x000000b8347f87e0
Event: 7.895 Thread 0x00000237889c50d0 DEOPT UNPACKING pc=0x00000237f4fda1a3 sp=0x000000b8347f8770 mode 2
Event: 7.895 Thread 0x00000237889c50d0 Uncommon trap: trap_request=0xffffff45 fr.pc=0x00000237f55745b4 relative=0x0000000000000114
Event: 7.895 Thread 0x00000237889c50d0 Uncommon trap: reason=unstable_if action=reinterpret pc=0x00000237f55745b4 method=java.net.URI.match(CJJ)Z @ 45 c2
Event: 7.895 Thread 0x00000237889c50d0 DEOPT PACKING pc=0x00000237f55745b4 sp=0x000000b8347f8550
Event: 7.895 Thread 0x00000237889c50d0 DEOPT UNPACKING pc=0x00000237f4fda1a3 sp=0x000000b8347f8488 mode 2
Event: 7.895 Thread 0x00000237889c50d0 Uncommon trap: trap_request=0xffffff45 fr.pc=0x00000237f55411c8 relative=0x0000000000000048
Event: 7.895 Thread 0x00000237889c50d0 Uncommon trap: reason=unstable_if action=reinterpret pc=0x00000237f55411c8 method=java.net.URI.match(CJJ)Z @ 19 c2
Event: 7.895 Thread 0x00000237889c50d0 DEOPT PACKING pc=0x00000237f55411c8 sp=0x000000b8347f8560
Event: 7.895 Thread 0x00000237889c50d0 DEOPT UNPACKING pc=0x00000237f4fda1a3 sp=0x000000b8347f8510 mode 2
Event: 8.387 Thread 0x00000237889c50d0 Uncommon trap: trap_request=0xffffff45 fr.pc=0x00000237f557b904 relative=0x00000000000001e4
Event: 8.387 Thread 0x00000237889c50d0 Uncommon trap: reason=unstable_if action=reinterpret pc=0x00000237f557b904 method=java.net.URI$Parser.scan(IILjava/lang/String;)I @ 26 c2
Event: 8.387 Thread 0x00000237889c50d0 DEOPT PACKING pc=0x00000237f557b904 sp=0x000000b8347f82e0
Event: 8.387 Thread 0x00000237889c50d0 DEOPT UNPACKING pc=0x00000237f4fda1a3 sp=0x000000b8347f8290 mode 2

Classes unloaded (0 events):
No events

Classes redefined (0 events):
No events

Internal exceptions (20 events):
Event: 6.501 Thread 0x00000237889c50d0 Exception <a 'java/lang/NoSuchMethodError'{0x00000000834b5900}: 'java.lang.Object java.lang.invoke.DirectMethodHandle$Holder.invokeStatic(java.lang.Object, java.lang.Object, java.lang.Object, java.lang.Object, java.lang.Object, java.lang.Object, java.lang.Object, java.lang.Object, java.lang.Object, java.lang.Object, java.lang.Object, java.lang.Object, java.lang.Object, java.lang.Object, java.lang.Object, java.lang.Object, java.lang.Object, java.lang.Object, java.lang.Object, java.lang.Object, java.lang.Obj
Event: 6.504 Thread 0x00000237889c50d0 Exception <a 'java/lang/NoSuchMethodError'{0x00000000834e2648}: 'java.lang.Object java.lang.invoke.DirectMethodHandle$Holder.invokeStatic(java.lang.Object, java.lang.Object, java.lang.Object, java.lang.Object, java.lang.Object, java.lang.Object, java.lang.Object, java.lang.Object, java.lang.Object, java.lang.Object, java.lang.Object, java.lang.Object, java.lang.Object, java.lang.Object, java.lang.Object, java.lang.Object, java.lang.Object, java.lang.Object, java.lang.Object, java.lang.Object, java.lang.Obj
Event: 6.506 Thread 0x00000237889c50d0 Exception <a 'java/lang/NoSuchMethodError'{0x0000000083310e90}: 'java.lang.Object java.lang.invoke.DirectMethodHandle$Holder.invokeStatic(java.lang.Object, java.lang.Object, java.lang.Object, java.lang.Object, java.lang.Object, java.lang.Object, java.lang.Object, java.lang.Object, java.lang.Object, java.lang.Object, java.lang.Object, java.lang.Object, java.lang.Object, java.lang.Object, java.lang.Object, java.lang.Object, java.lang.Object, java.lang.Object, java.lang.Object, java.lang.Object, java.lang.Obj
Event: 6.658 Thread 0x00000237889c50d0 Exception <a 'java/lang/IncompatibleClassChangeError'{0x0000000084b3cbf8}: Found class java.lang.Object, but interface was expected> (0x0000000084b3cbf8) 
thrown [s\src\hotspot\share\interpreter\linkResolver.cpp, line 838]
Event: 6.807 Thread 0x00000237889c50d0 Exception <a 'java/lang/IncompatibleClassChangeError'{0x0000000083bc5e18}: Found class java.lang.Object, but interface was expected> (0x0000000083bc5e18) 
thrown [s\src\hotspot\share\interpreter\linkResolver.cpp, line 838]
Event: 6.849 Thread 0x00000237889c50d0 Exception <a 'java/lang/NoSuchMethodError'{0x000000008393b1f8}: 'int java.lang.invoke.DirectMethodHandle$Holder.invokeStaticInit(java.lang.Object, java.lang.Object, java.lang.Object, java.lang.Object, java.lang.Object)'> (0x000000008393b1f8) 
thrown [s\src\hotspot\share\interpreter\linkResolver.cpp, line 771]
Event: 7.031 Thread 0x00000237889c50d0 Implicit null exception at 0x00000237f56b6b6c to 0x00000237f56b6c10
Event: 7.124 Thread 0x00000237889c50d0 Exception <a 'java/lang/NoSuchMethodError'{0x0000000082e9b8e8}: 'void java.lang.invoke.DirectMethodHandle$Holder.invokeInterface(java.lang.Object, java.lang.Object)'> (0x0000000082e9b8e8) 
thrown [s\src\hotspot\share\interpreter\linkResolver.cpp, line 771]
Event: 7.125 Thread 0x00000237889c50d0 Exception <a 'java/lang/IncompatibleClassChangeError'{0x0000000082ea6c18}: Found class java.lang.Object, but interface was expected> (0x0000000082ea6c18) 
thrown [s\src\hotspot\share\interpreter\linkResolver.cpp, line 838]
Event: 7.148 Thread 0x00000237889c50d0 Exception <a 'java/lang/NoSuchMethodError'{0x000000008502d370}: 'java.lang.Object java.lang.invoke.DirectMethodHandle$Holder.newInvokeSpecial(java.lang.Object, int, java.lang.Object)'> (0x000000008502d370) 
thrown [s\src\hotspot\share\interpreter\linkResolver.cpp, line 771]
Event: 7.441 Thread 0x0000023788a0def0 Exception <a 'java/lang/NoSuchMethodError'{0x00000000839eb278}: static Lorg/gradle/internal/build/event/types/DefaultOperationStartedProgressEvent;.<clinit>()V> (0x00000000839eb278) 
thrown [s\src\hotspot\share\prims\jni.cpp, line 1108]
Event: 7.444 Thread 0x0000023788a0def0 Exception <a 'java/lang/NoSuchMethodError'{0x00000000839ecb48}: static Lorg/gradle/internal/build/event/types/AbstractProgressEvent;.<clinit>()V> (0x00000000839ecb48) 
thrown [s\src\hotspot\share\prims\jni.cpp, line 1108]
Event: 7.448 Thread 0x0000023788a0def0 Exception <a 'java/lang/NoSuchMethodError'{0x00000000839fe068}: static Lorg/gradle/internal/build/event/types/DefaultProjectConfigurationDescriptor;.<clinit>()V> (0x00000000839fe068) 
thrown [s\src\hotspot\share\prims\jni.cpp, line 1108]
Event: 7.449 Thread 0x0000023788a0def0 Exception <a 'java/lang/NoSuchMethodError'{0x0000000083800aa0}: static Lorg/gradle/internal/build/event/types/DefaultOperationDescriptor;.<clinit>()V> (0x0000000083800aa0) 
thrown [s\src\hotspot\share\prims\jni.cpp, line 1108]
Event: 7.453 Thread 0x0000023788a0def0 Exception <a 'java/lang/NoSuchMethodError'{0x0000000083816cd0}: static Lorg/gradle/internal/operations/OperationIdentifier;.<clinit>()V> (0x0000000083816cd0) 
thrown [s\src\hotspot\share\prims\jni.cpp, line 1108]
Event: 8.336 Thread 0x00000237889c50d0 Exception <a 'java/lang/NoSuchMethodError'{0x000000008330d810}: 'int java.lang.invoke.DirectMethodHandle$Holder.invokeStatic(java.lang.Object)'> (0x000000008330d810) 
thrown [s\src\hotspot\share\interpreter\linkResolver.cpp, line 771]
Event: 8.336 Thread 0x00000237889c50d0 Exception <a 'java/lang/NoSuchMethodError'{0x0000000083311ea8}: 'int java.lang.invoke.DirectMethodHandle$Holder.invokeStaticInit(java.lang.Object)'> (0x0000000083311ea8) 
thrown [s\src\hotspot\share\interpreter\linkResolver.cpp, line 771]
Event: 8.350 Thread 0x00000237889c50d0 Exception <a 'java/lang/NoSuchMethodError'{0x0000000083386718}: 'java.lang.Object java.lang.invoke.DirectMethodHandle$Holder.newInvokeSpecial(java.lang.Object, java.lang.Object, java.lang.Object, java.lang.Object, java.lang.Object, int)'> (0x0000000083386718) 
thrown [s\src\hotspot\share\interpreter\linkResolver.cpp, line 771]
Event: 8.351 Thread 0x00000237889c50d0 Exception <a 'java/lang/NoSuchMethodError'{0x000000008338bd70}: 'java.lang.Object java.lang.invoke.DirectMethodHandle$Holder.invokeSpecial(java.lang.Object, java.lang.Object, java.lang.Object, java.lang.Object, java.lang.Object, java.lang.Object, int)'> (0x000000008338bd70) 
thrown [s\src\hotspot\share\interpreter\linkResolver.cpp, line 771]
Event: 8.367 Thread 0x00000237889c50d0 Exception <a 'java/lang/NoSuchMethodError'{0x000000008325daa0}: 'void java.lang.invoke.DirectMethodHandle$Holder.invokeStatic(java.lang.Object, java.lang.Object, java.lang.Object, int, java.lang.Object)'> (0x000000008325daa0) 
thrown [s\src\hotspot\share\interpreter\linkResolver.cpp, line 771]

VM Operations (20 events):
Event: 6.567 Executing VM operation: G1CollectForAllocation done
Event: 6.662 Executing VM operation: HandshakeAllThreads
Event: 6.662 Executing VM operation: HandshakeAllThreads done
Event: 6.749 Executing VM operation: HandshakeAllThreads
Event: 6.749 Executing VM operation: HandshakeAllThreads done
Event: 6.813 Executing VM operation: HandshakeAllThreads
Event: 6.813 Executing VM operation: HandshakeAllThreads done
Event: 6.997 Executing VM operation: HandshakeAllThreads
Event: 6.997 Executing VM operation: HandshakeAllThreads done
Event: 7.131 Executing VM operation: G1CollectForAllocation
Event: 7.135 Executing VM operation: G1CollectForAllocation done
Event: 7.339 Executing VM operation: HandshakeAllThreads
Event: 7.339 Executing VM operation: HandshakeAllThreads done
Event: 7.389 Executing VM operation: HandshakeAllThreads
Event: 7.389 Executing VM operation: HandshakeAllThreads done
Event: 7.703 Executing VM operation: G1CollectForAllocation
Event: 7.709 Executing VM operation: G1CollectForAllocation done
Event: 8.301 Executing VM operation: HandshakeAllThreads
Event: 8.301 Executing VM operation: HandshakeAllThreads done
Event: 8.519 Executing VM operation: G1CollectForAllocation

Events (20 events):
Event: 7.903 loading class java/io/DeleteOnExitHook$1
Event: 7.903 loading class java/io/DeleteOnExitHook$1 done
Event: 7.971 loading class javax/net/ssl/HostnameVerifier
Event: 7.973 loading class javax/net/ssl/HostnameVerifier done
Event: 7.981 loading class javax/net/ssl/TrustManager
Event: 7.981 loading class javax/net/ssl/TrustManager done
Event: 7.981 loading class javax/net/ssl/X509TrustManager
Event: 7.981 loading class javax/net/ssl/X509TrustManager done
Event: 7.986 loading class javax/net/ssl/SSLException
Event: 7.986 loading class javax/net/ssl/SSLException done
Event: 7.987 loading class javax/net/ssl/SSLPeerUnverifiedException
Event: 7.987 loading class javax/net/ssl/SSLPeerUnverifiedException done
Event: 7.987 loading class javax/naming/NamingException
Event: 7.987 loading class javax/naming/NamingException done
Event: 7.987 loading class javax/naming/InvalidNameException
Event: 7.988 loading class javax/naming/InvalidNameException done
Event: 7.988 loading class java/security/cert/CertificateParsingException
Event: 7.988 loading class java/security/cert/CertificateException
Event: 7.988 loading class java/security/cert/CertificateException done
Event: 7.988 loading class java/security/cert/CertificateParsingException done


Dynamic libraries:
0x00007ff722a60000 - 0x00007ff722a6a000 	C:\Program Files\Android\Android Studio\jbr\bin\java.exe
0x00007ffcc2610000 - 0x00007ffcc2807000 	C:\Windows\SYSTEM32\ntdll.dll
0x00007ffcc2480000 - 0x00007ffcc253d000 	C:\Windows\System32\KERNEL32.DLL
0x00007ffcc0370000 - 0x00007ffcc0666000 	C:\Windows\System32\KERNELBASE.dll
0x00007ffcbfd70000 - 0x00007ffcbfe70000 	C:\Windows\System32\ucrtbase.dll
0x00007ffcad670000 - 0x00007ffcad68b000 	C:\Program Files\Android\Android Studio\jbr\bin\VCRUNTIME140.dll
0x00007ffcafd10000 - 0x00007ffcafd27000 	C:\Program Files\Android\Android Studio\jbr\bin\jli.dll
0x00007ffcc1450000 - 0x00007ffcc15ee000 	C:\Windows\System32\USER32.dll
0x00007ffcbfcf0000 - 0x00007ffcbfd12000 	C:\Windows\System32\win32u.dll
0x00007ffcc2540000 - 0x00007ffcc256c000 	C:\Windows\System32\GDI32.dll
0x00007ffcc01c0000 - 0x00007ffcc02da000 	C:\Windows\System32\gdi32full.dll
0x00007ffcc00f0000 - 0x00007ffcc018d000 	C:\Windows\System32\msvcp_win.dll
0x00007ffca3fc0000 - 0x00007ffca425a000 	C:\Windows\WinSxS\amd64_microsoft.windows.common-controls_6595b64144ccf1df_6.0.19041.3570_none_60bb2a3971f3e41a\COMCTL32.dll
0x00007ffcc0b70000 - 0x00007ffcc0c0e000 	C:\Windows\System32\msvcrt.dll
0x00007ffcc0670000 - 0x00007ffcc06a0000 	C:\Windows\System32\IMM32.DLL
0x00007ffcb0b80000 - 0x00007ffcb0b8c000 	C:\Program Files\Android\Android Studio\jbr\bin\vcruntime140_1.dll
0x00007ffc914c0000 - 0x00007ffc9154d000 	C:\Program Files\Android\Android Studio\jbr\bin\msvcp140.dll
0x00007ffc4df10000 - 0x00007ffc4eb7e000 	C:\Program Files\Android\Android Studio\jbr\bin\server\jvm.dll
0x00007ffcc06a0000 - 0x00007ffcc074e000 	C:\Windows\System32\ADVAPI32.dll
0x00007ffcc16b0000 - 0x00007ffcc174c000 	C:\Windows\System32\sechost.dll
0x00007ffcc0820000 - 0x00007ffcc0946000 	C:\Windows\System32\RPCRT4.dll
0x00007ffc9d7f0000 - 0x00007ffc9d7f9000 	C:\Windows\SYSTEM32\WSOCK32.dll
0x00007ffcc1000000 - 0x00007ffcc106b000 	C:\Windows\System32\WS2_32.dll
0x00007ffcb5770000 - 0x00007ffcb577a000 	C:\Windows\SYSTEM32\VERSION.dll
0x00007ffcbe2b0000 - 0x00007ffcbe2d7000 	C:\Windows\SYSTEM32\WINMM.dll
0x00007ffcbe520000 - 0x00007ffcbe532000 	C:\Windows\SYSTEM32\kernel.appcore.dll
0x00007ffcbb0b0000 - 0x00007ffcbb0ba000 	C:\Program Files\Android\Android Studio\jbr\bin\jimage.dll
0x00007ffcbe080000 - 0x00007ffcbe264000 	C:\Windows\SYSTEM32\DBGHELP.DLL
0x00007ffcbe270000 - 0x00007ffcbe2a4000 	C:\Windows\SYSTEM32\dbgcore.DLL
0x00007ffcc02e0000 - 0x00007ffcc0362000 	C:\Windows\System32\bcryptPrimitives.dll
0x00007ffcafed0000 - 0x00007ffcafef5000 	C:\Program Files\Android\Android Studio\jbr\bin\java.dll
0x00007ffcb0a30000 - 0x00007ffcb0a48000 	C:\Program Files\Android\Android Studio\jbr\bin\zip.dll
0x00007ffcc1c40000 - 0x00007ffcc2384000 	C:\Windows\System32\SHELL32.dll
0x00007ffcbd810000 - 0x00007ffcbdfab000 	C:\Windows\SYSTEM32\windows.storage.dll
0x00007ffcc0ca0000 - 0x00007ffcc0ff4000 	C:\Windows\System32\combase.dll
0x00007ffcbf730000 - 0x00007ffcbf75d000 	C:\Windows\SYSTEM32\Wldp.dll
0x00007ffcc1150000 - 0x00007ffcc11fd000 	C:\Windows\System32\SHCORE.dll
0x00007ffcc1750000 - 0x00007ffcc17a5000 	C:\Windows\System32\shlwapi.dll
0x00007ffcbfc20000 - 0x00007ffcbfc45000 	C:\Windows\SYSTEM32\profapi.dll
0x00007ffcaff70000 - 0x00007ffcaff89000 	C:\Program Files\Android\Android Studio\jbr\bin\net.dll
0x00007ffcb9d80000 - 0x00007ffcb9e8a000 	C:\Windows\SYSTEM32\WINHTTP.dll
0x00007ffcbf490000 - 0x00007ffcbf4fa000 	C:\Windows\system32\mswsock.dll
0x00007ffcafea0000 - 0x00007ffcafeb6000 	C:\Program Files\Android\Android Studio\jbr\bin\nio.dll
0x00007ffcba3a0000 - 0x00007ffcba3b0000 	C:\Program Files\Android\Android Studio\jbr\bin\verify.dll
0x00007ffcada30000 - 0x00007ffcada57000 	C:\Users\DELL\.gradle\native\68d5fa5c4cc2d200863cafc0d521ce42e7d3e7ee720ec0a83991735586a16f82\windows-amd64\native-platform.dll
0x00007ffc5fc10000 - 0x00007ffc5fd54000 	C:\Users\DELL\.gradle\native\e376f236ea51e6404a007f0833ffe2c6e607c4080706a723a18a27aeea778392\windows-amd64\native-platform-file-events.dll
0x00007ffcba1a0000 - 0x00007ffcba1a9000 	C:\Program Files\Android\Android Studio\jbr\bin\management.dll
0x00007ffcb5c60000 - 0x00007ffcb5c6b000 	C:\Program Files\Android\Android Studio\jbr\bin\management_ext.dll
0x00007ffcc09b0000 - 0x00007ffcc09b8000 	C:\Windows\System32\PSAPI.DLL
0x00007ffcbf690000 - 0x00007ffcbf6a8000 	C:\Windows\SYSTEM32\CRYPTSP.dll
0x00007ffcbed30000 - 0x00007ffcbed64000 	C:\Windows\system32\rsaenh.dll
0x00007ffcc0190000 - 0x00007ffcc01b7000 	C:\Windows\System32\bcrypt.dll
0x00007ffcbfba0000 - 0x00007ffcbfbce000 	C:\Windows\SYSTEM32\USERENV.dll
0x00007ffcbf680000 - 0x00007ffcbf68c000 	C:\Windows\SYSTEM32\CRYPTBASE.dll
0x00007ffcbf130000 - 0x00007ffcbf16b000 	C:\Windows\SYSTEM32\IPHLPAPI.DLL
0x00007ffcc2470000 - 0x00007ffcc2478000 	C:\Windows\System32\NSI.dll
0x00007ffcb2ff0000 - 0x00007ffcb3007000 	C:\Windows\SYSTEM32\dhcpcsvc6.DLL
0x00007ffcb3590000 - 0x00007ffcb35ad000 	C:\Windows\SYSTEM32\dhcpcsvc.DLL
0x00007ffcbf180000 - 0x00007ffcbf24a000 	C:\Windows\SYSTEM32\DNSAPI.dll
0x00007ffc47600000 - 0x00007ffc47607000 	C:\Windows\system32\wshunix.dll

dbghelp: loaded successfully - version: 4.0.5 - missing functions: none
symbol engine: initialized successfully - sym options: 0x614 - pdb path: .;C:\Program Files\Android\Android Studio\jbr\bin;C:\Windows\SYSTEM32;C:\Windows\WinSxS\amd64_microsoft.windows.common-controls_6595b64144ccf1df_6.0.19041.3570_none_60bb2a3971f3e41a;C:\Program Files\Android\Android Studio\jbr\bin\server;C:\Users\DELL\.gradle\native\68d5fa5c4cc2d200863cafc0d521ce42e7d3e7ee720ec0a83991735586a16f82\windows-amd64;C:\Users\DELL\.gradle\native\e376f236ea51e6404a007f0833ffe2c6e607c4080706a723a18a27aeea778392\windows-amd64

VM Arguments:
jvm_args: --add-opens=java.base/java.util=ALL-UNNAMED --add-opens=java.base/java.lang=ALL-UNNAMED --add-opens=java.base/java.lang.invoke=ALL-UNNAMED --add-opens=java.prefs/java.util.prefs=ALL-UNNAMED --add-opens=java.base/java.nio.charset=ALL-UNNAMED --add-opens=java.base/java.net=ALL-UNNAMED --add-opens=java.base/java.util.concurrent.atomic=ALL-UNNAMED -Xmx2048m -Dfile.encoding=UTF-8 -Duser.country=US -Duser.language=en -Duser.variant 
java_command: org.gradle.launcher.daemon.bootstrap.GradleDaemon 8.0
java_class_path (initial): C:\Users\DELL\.gradle\wrapper\dists\gradle-8.0-bin\ca5e32bp14vu59qr306oxotwh\gradle-8.0\lib\gradle-launcher-8.0.jar
Launcher Type: SUN_STANDARD

[Global flags]
     intx CICompilerCount                          = 4                                         {product} {ergonomic}
     uint ConcGCThreads                            = 2                                         {product} {ergonomic}
     uint G1ConcRefinementThreads                  = 8                                         {product} {ergonomic}
   size_t G1HeapRegionSize                         = 1048576                                   {product} {ergonomic}
    uintx GCDrainStackTargetSize                   = 64                                        {product} {ergonomic}
   size_t InitialHeapSize                          = 130023424                                 {product} {ergonomic}
   size_t MarkStackSize                            = 4194304                                   {product} {ergonomic}
   size_t MaxHeapSize                              = 2147483648                                {product} {command line}
   size_t MaxNewSize                               = 1287651328                                {product} {ergonomic}
   size_t MinHeapDeltaBytes                        = 1048576                                   {product} {ergonomic}
   size_t MinHeapSize                              = 8388608                                   {product} {ergonomic}
    uintx NonNMethodCodeHeapSize                   = 5839372                                {pd product} {ergonomic}
    uintx NonProfiledCodeHeapSize                  = 122909434                              {pd product} {ergonomic}
    uintx ProfiledCodeHeapSize                     = 122909434                              {pd product} {ergonomic}
    uintx ReservedCodeCacheSize                    = 251658240                              {pd product} {ergonomic}
     bool SegmentedCodeCache                       = true                                      {product} {ergonomic}
   size_t SoftMaxHeapSize                          = 2147483648                             {manageable} {ergonomic}
     bool UseCompressedClassPointers               = true                           {product lp64_product} {ergonomic}
     bool UseCompressedOops                        = true                           {product lp64_product} {ergonomic}
     bool UseG1GC                                  = true                                      {product} {ergonomic}
     bool UseLargePagesIndividualAllocation        = false                                  {pd product} {ergonomic}

Logging:
Log output configuration:
 #0: stdout all=warning uptime,level,tags
 #1: stderr all=off uptime,level,tags

Environment Variables:
JAVA_HOME=C:\Program Files\Java\jdk-18.0.1.1\bin
PATH=C:\app\DELL\product\21c\dbhomeXE\bin;C:\Program Files\Common Files\Oracle\Java\javapath;C:\Program Files\Microsoft\jdk-11.0.12.7-hotspot\bin;C:\Program Files (x86)\PHP\;C:\Windows\system32;C:\Windows;C:\Windows\System32\Wbem;C:\Windows\System32\WindowsPowerShell\v1.0\;C:\Windows\System32\OpenSSH\;C:\Program Files\NVIDIA Corporation\NVIDIA NvDLISR;C:\Program Files\Microsoft SQL Server\Client SDK\ODBC\170\Tools\Binn\;C:\Program Files (x86)\Microsoft SQL Server\150\Tools\Binn\;C:\Program Files\Microsoft SQL Server\150\Tools\Binn\;C:\Program Files\Microsoft SQL Server\150\DTS\Binn\;C:\Program Files\dotnet\;C:\Program Files (x86)\Microsoft SQL Server\150\DTS\Binn\;C:\Program Files\Azure Data Studio\bin;C:\Program Files\nodejs\;C:\Program Files\Git\cmd;C:\Program Files\TortoiseGit\bin;C:\Program Files\MySQL\MySQL Shell 8.0\bin\;C:\Users\DELL\AppData\Local\Microsoft\WindowsApps;C:\Users\DELL\AppData\Local\Programs\Microsoft VS Code\bin;C:\Program Files\Azure Data Studio\bin;C:\Users\DELL\.dotnet\tools;C:\Users\DELL\AppData\Roaming\npm;C:\Users\DELL\AppData\Local\GitHubDesktop\bin;C:\Program Files\JetBrains\IntelliJ IDEA Community Edition 2022.3.2\bin;
USERNAME=DELL
OS=Windows_NT
PROCESSOR_IDENTIFIER=Intel64 Family 6 Model 140 Stepping 1, GenuineIntel
TMP=C:\Users\DELL\AppData\Local\Temp
TEMP=C:\Users\DELL\AppData\Local\Temp


JNI global refs:
JNI global refs: 25, weak refs: 0

JNI global refs memory usage: 843, weak refs: 841


---------------  S Y S T E M  ---------------

OS:
 Windows 10 , 64 bit Build 19041 (10.0.19041.3570)
OS uptime: 5 days 22:54 hours

CPU: total 8 (initial active 8) (4 cores per cpu, 2 threads per core) family 6 model 140 stepping 1 microcode 0xac, cx8, cmov, fxsr, ht, mmx, 3dnowpref, sse, sse2, sse3, ssse3, sse4.1, sse4.2, popcnt, lzcnt, tsc, tscinvbit, avx, avx2, aes, erms, clmul, bmi1, bmi2, adx, avx512f, avx512dq, avx512cd, avx512bw, avx512vl, sha, fma, vzeroupper, avx512_vpopcntdq, avx512_vpclmulqdq, avx512_vaes, avx512_vnni, clflush, clflushopt, clwb, avx512_vbmi2, avx512_vbmi

Memory: 4k page, system-wide physical 7914M (463M free)
TotalPageFile size 32490M (AvailPageFile size 12M)
current process WorkingSet (physical memory assigned to process): 251M, peak: 265M
current process commit charge ("private bytes"): 287M, peak: 300M

vm_info: OpenJDK 64-Bit Server VM (17.0.6+0-b2043.56-10027231) for windows-amd64 JRE (17.0.6+0-b2043.56-10027231), built on Apr 28 2023 00:43:19 by "androidbuild" with MS VC++ 16.10 / 16.11 (VS2019)

END.
